{
  "RSpec": {
    "coverage": {
      "/Users/HABS/Documents/Makers/Projects/Week_Ten/bank_tech/lib/account.rb": [
        null,
        null,
        1,
        1,
        null,
        1,
        14,
        14,
        14,
        null,
        null,
        1,
        11,
        10,
        10,
        null,
        null,
        1,
        8,
        7,
        7,
        null,
        null,
        1,
        2,
        null,
        null,
        1,
        null,
        1,
        10,
        null,
        null,
        1,
        7,
        null,
        null,
        1,
        19,
        null,
        null
      ],
      "/Users/HABS/Documents/Makers/Projects/Week_Ten/bank_tech/spec/feature_spec/feature_spec.rb": [
        null,
        null,
        1,
        1,
        null,
        1,
        5,
        1,
        null,
        1,
        1,
        null,
        1,
        1,
        1,
        null,
        1,
        1,
        1,
        null,
        null,
        1,
        1,
        1,
        null,
        null,
        null,
        null,
        null,
        null,
        1,
        1,
        1,
        1,
        1,
        2,
        null,
        null,
        null,
        null
      ],
      "/Users/HABS/Documents/Makers/Projects/Week_Ten/bank_tech/spec/statement_spec.rb": [
        null,
        null,
        1,
        1,
        null,
        1,
        2,
        null,
        1,
        1,
        null,
        null,
        null,
        null,
        null,
        null,
        1,
        1,
        1,
        null,
        null,
        null,
        null,
        null,
        null,
        null,
        1,
        2,
        null,
        null,
        null,
        null
      ],
      "/Users/HABS/Documents/Makers/Projects/Week_Ten/bank_tech/lib/statement.rb": [
        null,
        null,
        1,
        1,
        2,
        2,
        7,
        null,
        null,
        null,
        1,
        null,
        1,
        2,
        null,
        null
      ],
      "/Users/HABS/Documents/Makers/Projects/Week_Ten/bank_tech/spec/transaction_spec.rb": [
        null,
        null,
        1,
        1,
        null,
        1,
        4,
        null,
        1,
        1,
        1,
        null,
        null,
        null,
        null,
        null,
        1,
        1,
        1,
        1,
        null,
        null,
        null,
        1,
        1,
        1,
        1,
        null,
        null,
        null,
        null
      ],
      "/Users/HABS/Documents/Makers/Projects/Week_Ten/bank_tech/lib/transaction.rb": [
        null,
        null,
        1,
        1,
        null,
        1,
        7,
        null,
        null,
        1,
        4,
        null,
        null,
        1,
        4,
        null,
        null
      ]
    },
    "timestamp": 1529681186
  }
}
